# JRE version: OpenJDK Runtime Environment (21.0.4) (build 21.0.4+-12508038-b607.1)
# Java VM: OpenJDK 64-Bit Server VM (21.0.4+-12508038-b607.1, mixed mode, tiered, compressed oops, compressed class ptrs, g1 gc, windows-amd64)
GC Precious Log:
 CardTable entry size: 512
 Card Set container configuration: InlinePtr #cards 5 size 8 Array Of Cards #cards 12 size 40 Howl #buckets 4 coarsen threshold 1843 Howl Bitmap #cards 512 size 80 coarsen threshold 460 Card regions per heap region 1 cards per card region 2048
 CPUs: 8 total, 8 available
 Memory: 8039M
 Large Page Support: Disabled
 NUMA Support: Disabled
 Compressed Oops: Enabled (32-bit)
 Heap Region Size: 1M
 Heap Min Capacity: 8M
 Heap Initial Capacity: 126M
 Heap Max Capacity: 2G
 Pre-touch: Disabled
 Parallel Workers: 8
 Concurrent Workers: 2
 Concurrent Refinement Workers: 8
 Periodic GC: Disabled
Heap:
 garbage-first heap   total 324608K, used 272844K [0x0000000080000000, 0x0000000100000000)
  region size 1024K, 109 young (111616K), 7 survivors (7168K)
 Metaspace       used 168194K, committed 170688K, reserved 1245184K
  class space    used 21371K, committed 22656K, reserved 1048576K
GC Heap History (20 events):
Event: 26.744 GC heap before
{Heap before GC invocations=37 (full 0):
 garbage-first heap   total 201728K, used 184194K [0x0000000080000000, 0x0000000100000000)
  region size 1024K, 84 young (86016K), 5 survivors (5120K)
 Metaspace       used 138401K, committed 140608K, reserved 1179648K
  class space    used 17486K, committed 18624K, reserved 1048576K
}
Event: 26.748 GC heap after
{Heap after GC invocations=38 (full 0):
 garbage-first heap   total 201728K, used 103843K [0x0000000080000000, 0x0000000100000000)
  region size 1024K, 6 young (6144K), 6 survivors (6144K)
 Metaspace       used 138401K, committed 140608K, reserved 1179648K
  class space    used 17486K, committed 18624K, reserved 1048576K
}
Event: 29.812 GC heap before
{Heap before GC invocations=38 (full 0):
 garbage-first heap   total 201728K, used 182691K [0x0000000080000000, 0x0000000100000000)
  region size 1024K, 84 young (86016K), 6 survivors (6144K)
 Metaspace       used 142352K, committed 144576K, reserved 1179648K
  class space    used 17950K, committed 19072K, reserved 1048576K
}
Event: 29.823 GC heap after
{Heap after GC invocations=39 (full 0):
 garbage-first heap   total 201728K, used 104885K [0x0000000080000000, 0x0000000100000000)
  region size 1024K, 11 young (11264K), 11 survivors (11264K)
 Metaspace       used 142352K, committed 144576K, reserved 1179648K
  class space    used 17950K, committed 19072K, reserved 1048576K
}
Event: 31.086 GC heap before
{Heap before GC invocations=39 (full 0):
 garbage-first heap   total 201728K, used 177589K [0x0000000080000000, 0x0000000100000000)
  region size 1024K, 83 young (84992K), 11 survivors (11264K)
 Metaspace       used 142603K, committed 144832K, reserved 1179648K
  class space    used 17983K, committed 19136K, reserved 1048576K
}
Event: 31.096 GC heap after
{Heap after GC invocations=40 (full 0):
 garbage-first heap   total 201728K, used 108221K [0x0000000080000000, 0x0000000100000000)
  region size 1024K, 6 young (6144K), 6 survivors (6144K)
 Metaspace       used 142603K, committed 144832K, reserved 1179648K
  class space    used 17983K, committed 19136K, reserved 1048576K
}
Event: 31.566 GC heap before
{Heap before GC invocations=41 (full 0):
 garbage-first heap   total 201728K, used 193213K [0x0000000080000000, 0x0000000100000000)
  region size 1024K, 80 young (81920K), 6 survivors (6144K)
 Metaspace       used 142759K, committed 145024K, reserved 1179648K
  class space    used 17986K, committed 19136K, reserved 1048576K
}
Event: 31.581 GC heap after
{Heap after GC invocations=42 (full 0):
 garbage-first heap   total 218112K, used 130033K [0x0000000080000000, 0x0000000100000000)
  region size 1024K, 10 young (10240K), 10 survivors (10240K)
 Metaspace       used 142759K, committed 145024K, reserved 1179648K
  class space    used 17986K, committed 19136K, reserved 1048576K
}
Event: 32.346 GC heap before
{Heap before GC invocations=42 (full 0):
 garbage-first heap   total 218112K, used 195569K [0x0000000080000000, 0x0000000100000000)
  region size 1024K, 71 young (72704K), 10 survivors (10240K)
 Metaspace       used 144112K, committed 146368K, reserved 1179648K
  class space    used 18132K, committed 19264K, reserved 1048576K
}
Event: 32.380 GC heap after
{Heap after GC invocations=43 (full 0):
 garbage-first heap   total 220160K, used 141078K [0x0000000080000000, 0x0000000100000000)
  region size 1024K, 9 young (9216K), 9 survivors (9216K)
 Metaspace       used 144112K, committed 146368K, reserved 1179648K
  class space    used 18132K, committed 19264K, reserved 1048576K
}
Event: 33.363 GC heap before
{Heap before GC invocations=43 (full 0):
 garbage-first heap   total 220160K, used 196374K [0x0000000080000000, 0x0000000100000000)
  region size 1024K, 63 young (64512K), 9 survivors (9216K)
 Metaspace       used 149501K, committed 151744K, reserved 1245184K
  class space    used 18762K, committed 19840K, reserved 1048576K
}
Event: 33.368 GC heap after
{Heap after GC invocations=44 (full 0):
 garbage-first heap   total 220160K, used 143820K [0x0000000080000000, 0x0000000100000000)
  region size 1024K, 3 young (3072K), 3 survivors (3072K)
 Metaspace       used 149501K, committed 151744K, reserved 1245184K
  class space    used 18762K, committed 19840K, reserved 1048576K
}
Event: 34.023 GC heap before
{Heap before GC invocations=45 (full 0):
 garbage-first heap   total 242688K, used 204236K [0x0000000080000000, 0x0000000100000000)
  region size 1024K, 57 young (58368K), 3 survivors (3072K)
 Metaspace       used 153567K, committed 155904K, reserved 1245184K
  class space    used 19365K, committed 20544K, reserved 1048576K
}
Event: 34.028 GC heap after
{Heap after GC invocations=46 (full 0):
 garbage-first heap   total 242688K, used 149761K [0x0000000080000000, 0x0000000100000000)
  region size 1024K, 7 young (7168K), 7 survivors (7168K)
 Metaspace       used 153567K, committed 155904K, reserved 1245184K
  class space    used 19365K, committed 20544K, reserved 1048576K
}
Event: 34.680 GC heap before
{Heap before GC invocations=46 (full 0):
 garbage-first heap   total 242688K, used 220417K [0x0000000080000000, 0x0000000100000000)
  region size 1024K, 75 young (76800K), 7 survivors (7168K)
 Metaspace       used 156115K, committed 158464K, reserved 1245184K
  class space    used 19689K, committed 20864K, reserved 1048576K
}
Event: 34.689 GC heap after
{Heap after GC invocations=47 (full 0):
 garbage-first heap   total 242688K, used 156710K [0x0000000080000000, 0x0000000100000000)
  region size 1024K, 10 young (10240K), 10 survivors (10240K)
 Metaspace       used 156115K, committed 158464K, reserved 1245184K
  class space    used 19689K, committed 20864K, reserved 1048576K
}
Event: 35.162 GC heap before
{Heap before GC invocations=47 (full 0):
 garbage-first heap   total 242688K, used 218150K [0x0000000080000000, 0x0000000100000000)
  region size 1024K, 70 young (71680K), 10 survivors (10240K)
 Metaspace       used 156175K, committed 158528K, reserved 1245184K
  class space    used 19689K, committed 20864K, reserved 1048576K
}
Event: 35.169 GC heap after
{Heap after GC invocations=48 (full 0):
 garbage-first heap   total 242688K, used 161792K [0x0000000080000000, 0x0000000100000000)
  region size 1024K, 6 young (6144K), 6 survivors (6144K)
 Metaspace       used 156175K, committed 158528K, reserved 1245184K
  class space    used 19689K, committed 20864K, reserved 1048576K
}
Event: 40.633 GC heap before
{Heap before GC invocations=49 (full 0):
 garbage-first heap   total 270336K, used 222208K [0x0000000080000000, 0x0000000100000000)
  region size 1024K, 65 young (66560K), 6 survivors (6144K)
 Metaspace       used 159833K, committed 162240K, reserved 1245184K
  class space    used 20024K, committed 21248K, reserved 1048576K
}
Event: 40.641 GC heap after
{Heap after GC invocations=50 (full 0):
 garbage-first heap   total 324608K, used 168396K [0x0000000080000000, 0x0000000100000000)
  region size 1024K, 7 young (7168K), 7 survivors (7168K)
 Metaspace       used 159833K, committed 162240K, reserved 1245184K
  class space    used 20024K, committed 21248K, reserved 1048576K
}

